[19:41:09] [Server thread/INFO]: Loading properties
[19:41:10] [Server thread/INFO]: Default game type: CREATIVE
[19:41:11] [Server thread/INFO]: This server is running CraftBukkit version git-Spigot-3d850ec-809c399 (MC: 1.12.2) (Implementing API version 1.12.2-R0.1-SNAPSHOT)
[19:41:12] [Server thread/INFO]: Debug logging is disabled
[19:41:12] [Server thread/INFO]: Server Ping Player Sample Count: 12
[19:41:12] [Server thread/INFO]: Using 4 threads for Netty based IO
[19:41:13] [Server thread/INFO]: Generating keypair
[19:41:13] [Server thread/INFO]: Starting Minecraft server on *:25565
[19:41:13] [Server thread/INFO]: Using default channel type
[19:41:14] [Server thread/INFO]: Set PluginClassLoader as parallel capable
[19:41:14] [Server thread/INFO]: [SetSpawn] Loading SetSpawn v2.1
[19:41:14] [Server thread/INFO]: [RaspberryJuice] Loading RaspberryJuice v1.7
[19:41:14] [Server thread/WARN]: **** SERVER IS RUNNING IN OFFLINE/INSECURE MODE!
[19:41:14] [Server thread/WARN]: The server will make no attempt to authenticate usernames. Beware.
[19:41:14] [Server thread/WARN]: While this makes the game possible to play without internet access, it also opens up the ability for hackers to connect with any username they choose.
[19:41:14] [Server thread/WARN]: To change this, set "online-mode" to "true" in the server.properties file.
[19:41:14] [Server thread/INFO]: **** Beginning UUID conversion, this may take A LONG time ****
[19:41:14] [Server thread/INFO]: Preparing level "world"
[19:41:14] [Server thread/INFO]: -------- World Settings For [world] --------
[19:41:14] [Server thread/INFO]: Hopper Transfer: 8 Hopper Check: 1 Hopper Amount: 1
[19:41:14] [Server thread/INFO]: Item Despawn Rate: 6000
[19:41:14] [Server thread/INFO]: Item Merge Radius: 2.5
[19:41:14] [Server thread/INFO]: Allow Zombie Pigmen to spawn from portal blocks: true
[19:41:14] [Server thread/INFO]: Arrow Despawn Rate: 1200
[19:41:14] [Server thread/INFO]: View Distance: 10
[19:41:14] [Server thread/INFO]: Experience Merge Radius: 3.0
[19:41:14] [Server thread/INFO]: Nerfing mobs spawned from spawners: false
[19:41:14] [Server thread/INFO]: Zombie Aggressive Towards Villager: true
[19:41:14] [Server thread/INFO]: Mob Spawn Range: 4
[19:41:14] [Server thread/INFO]: Tile Max Tick Time: 50ms Entity max Tick Time: 50ms
[19:41:14] [Server thread/INFO]: Max TNT Explosions: 100
[19:41:14] [Server thread/INFO]: Structure Info Saving: true
[19:41:14] [Server thread/INFO]: Cactus Growth Modifier: 100%
[19:41:14] [Server thread/INFO]: Cane Growth Modifier: 100%
[19:41:14] [Server thread/INFO]: Melon Growth Modifier: 100%
[19:41:14] [Server thread/INFO]: Mushroom Growth Modifier: 100%
[19:41:14] [Server thread/INFO]: Pumpkin Growth Modifier: 100%
[19:41:14] [Server thread/INFO]: Sapling Growth Modifier: 100%
[19:41:14] [Server thread/INFO]: Wheat Growth Modifier: 100%
[19:41:14] [Server thread/INFO]: NetherWart Growth Modifier: 100%
[19:41:14] [Server thread/INFO]: Vine Growth Modifier: 100%
[19:41:14] [Server thread/INFO]: Cocoa Growth Modifier: 100%
[19:41:14] [Server thread/INFO]: Entity Tracking Range: Pl 48 / An 48 / Mo 48 / Mi 32 / Other 64
[19:41:14] [Server thread/INFO]: Random Lighting Updates: false
[19:41:14] [Server thread/INFO]: Entity Activation Range: An 32 / Mo 32 / Mi 16
[19:41:14] [Server thread/INFO]: Custom Map Seeds:  Village: 10387312 Feature: 14357617 Monument: 10387313 Slime: 987234911
[19:41:15] [Server thread/INFO]: -------- World Settings For [world_nether] --------
[19:41:15] [Server thread/INFO]: Hopper Transfer: 8 Hopper Check: 1 Hopper Amount: 1
[19:41:15] [Server thread/INFO]: Item Despawn Rate: 6000
[19:41:15] [Server thread/INFO]: Item Merge Radius: 2.5
[19:41:15] [Server thread/INFO]: Allow Zombie Pigmen to spawn from portal blocks: true
[19:41:15] [Server thread/INFO]: Arrow Despawn Rate: 1200
[19:41:15] [Server thread/INFO]: View Distance: 10
[19:41:15] [Server thread/INFO]: Experience Merge Radius: 3.0
[19:41:15] [Server thread/INFO]: Nerfing mobs spawned from spawners: false
[19:41:15] [Server thread/INFO]: Zombie Aggressive Towards Villager: true
[19:41:15] [Server thread/INFO]: Mob Spawn Range: 4
[19:41:15] [Server thread/INFO]: Tile Max Tick Time: 50ms Entity max Tick Time: 50ms
[19:41:15] [Server thread/INFO]: Max TNT Explosions: 100
[19:41:15] [Server thread/INFO]: Structure Info Saving: true
[19:41:15] [Server thread/INFO]: Cactus Growth Modifier: 100%
[19:41:15] [Server thread/INFO]: Cane Growth Modifier: 100%
[19:41:15] [Server thread/INFO]: Melon Growth Modifier: 100%
[19:41:15] [Server thread/INFO]: Mushroom Growth Modifier: 100%
[19:41:15] [Server thread/INFO]: Pumpkin Growth Modifier: 100%
[19:41:15] [Server thread/INFO]: Sapling Growth Modifier: 100%
[19:41:15] [Server thread/INFO]: Wheat Growth Modifier: 100%
[19:41:15] [Server thread/INFO]: NetherWart Growth Modifier: 100%
[19:41:15] [Server thread/INFO]: Vine Growth Modifier: 100%
[19:41:15] [Server thread/INFO]: Cocoa Growth Modifier: 100%
[19:41:15] [Server thread/INFO]: Entity Tracking Range: Pl 48 / An 48 / Mo 48 / Mi 32 / Other 64
[19:41:15] [Server thread/INFO]: Random Lighting Updates: false
[19:41:15] [Server thread/INFO]: Entity Activation Range: An 32 / Mo 32 / Mi 16
[19:41:15] [Server thread/INFO]: Custom Map Seeds:  Village: 10387312 Feature: 14357617 Monument: 10387313 Slime: 987234911
[19:41:15] [Server thread/INFO]: -------- World Settings For [world_the_end] --------
[19:41:15] [Server thread/INFO]: Hopper Transfer: 8 Hopper Check: 1 Hopper Amount: 1
[19:41:15] [Server thread/INFO]: Item Despawn Rate: 6000
[19:41:15] [Server thread/INFO]: Item Merge Radius: 2.5
[19:41:15] [Server thread/INFO]: Allow Zombie Pigmen to spawn from portal blocks: true
[19:41:15] [Server thread/INFO]: Arrow Despawn Rate: 1200
[19:41:15] [Server thread/INFO]: View Distance: 10
[19:41:15] [Server thread/INFO]: Experience Merge Radius: 3.0
[19:41:15] [Server thread/INFO]: Nerfing mobs spawned from spawners: false
[19:41:15] [Server thread/INFO]: Zombie Aggressive Towards Villager: true
[19:41:15] [Server thread/INFO]: Mob Spawn Range: 4
[19:41:15] [Server thread/INFO]: Tile Max Tick Time: 50ms Entity max Tick Time: 50ms
[19:41:15] [Server thread/INFO]: Max TNT Explosions: 100
[19:41:15] [Server thread/INFO]: Structure Info Saving: true
[19:41:15] [Server thread/INFO]: Cactus Growth Modifier: 100%
[19:41:15] [Server thread/INFO]: Cane Growth Modifier: 100%
[19:41:15] [Server thread/INFO]: Melon Growth Modifier: 100%
[19:41:15] [Server thread/INFO]: Mushroom Growth Modifier: 100%
[19:41:15] [Server thread/INFO]: Pumpkin Growth Modifier: 100%
[19:41:15] [Server thread/INFO]: Sapling Growth Modifier: 100%
[19:41:15] [Server thread/INFO]: Wheat Growth Modifier: 100%
[19:41:15] [Server thread/INFO]: NetherWart Growth Modifier: 100%
[19:41:15] [Server thread/INFO]: Vine Growth Modifier: 100%
[19:41:15] [Server thread/INFO]: Cocoa Growth Modifier: 100%
[19:41:15] [Server thread/INFO]: Entity Tracking Range: Pl 48 / An 48 / Mo 48 / Mi 32 / Other 64
[19:41:15] [Server thread/INFO]: Random Lighting Updates: false
[19:41:15] [Server thread/INFO]: Entity Activation Range: An 32 / Mo 32 / Mi 16
[19:41:15] [Server thread/INFO]: Custom Map Seeds:  Village: 10387312 Feature: 14357617 Monument: 10387313 Slime: 987234911
[19:41:15] [Server thread/INFO]: Preparing start region for level 0 (Seed: -936796265574772272)
[19:41:16] [Server thread/INFO]: Preparing spawn area: 0%
[19:41:17] [Server thread/INFO]: Preparing spawn area: 12%
[19:41:18] [Server thread/INFO]: Preparing spawn area: 39%
[19:41:19] [Server thread/INFO]: Preparing spawn area: 66%
[19:41:20] [Server thread/INFO]: Preparing spawn area: 99%
[19:41:20] [Server thread/INFO]: Preparing start region for level 1 (Seed: -936796265574772272)
[19:41:21] [Server thread/INFO]: Preparing spawn area: 29%
[19:41:22] [Server thread/INFO]: Preparing spawn area: 76%
[19:41:23] [Server thread/INFO]: Preparing start region for level 2 (Seed: -936796265574772272)
[19:41:24] [Server thread/INFO]: [SetSpawn] Enabling SetSpawn v2.1
[19:41:24] [Server thread/INFO]: [RaspberryJuice] Enabling RaspberryJuice v1.7
[19:41:24] [Server thread/INFO]: [RaspberryJuice] ThreadListener Started
[19:41:24] [Server thread/INFO]: Server permissions file permissions.yml is empty, ignoring it
[19:41:24] [Server thread/INFO]: Done (9,560s)! For help, type "help" or "?"
[19:45:31] [User Authenticator #1/INFO]: UUID of player aaa is a97d7027-1ae1-3ce0-86e3-0fd135c5661e
[19:45:32] [Server thread/INFO]: aaa[/127.0.0.1:57454] logged in with entity id 278 at ([world]492.53092763772503, 121.87993837542093, -46.88410180275763)
[19:46:03] [Thread-8/INFO]: [RaspberryJuice] Starting output thread!
[19:46:03] [Thread-6/INFO]: [RaspberryJuice] Opened connection to/127.0.0.1:57464.
[19:46:03] [Thread-7/INFO]: [RaspberryJuice] Starting input thread
[19:46:53] [Thread-6/INFO]: [RaspberryJuice] Opened connection to/127.0.0.1:57472.
[19:46:53] [Thread-9/INFO]: [RaspberryJuice] Starting input thread
[19:46:53] [Thread-10/INFO]: [RaspberryJuice] Starting output thread!
[19:47:41] [Thread-6/INFO]: [RaspberryJuice] Opened connection to/127.0.0.1:57481.
[19:47:41] [Thread-12/INFO]: [RaspberryJuice] Starting output thread!
[19:47:41] [Thread-11/INFO]: [RaspberryJuice] Starting input thread
[19:52:57] [Thread-11/WARN]: java.net.SocketException: Connection reset
[19:52:57] [Thread-11/WARN]: 	at java.net.SocketInputStream.read(Unknown Source)
[19:52:57] [Thread-11/WARN]: 	at java.net.SocketInputStream.read(Unknown Source)
[19:52:57] [Thread-11/WARN]: 	at sun.nio.cs.StreamDecoder.readBytes(Unknown Source)
[19:52:57] [Thread-11/WARN]: 	at sun.nio.cs.StreamDecoder.implRead(Unknown Source)
[19:52:57] [Thread-11/WARN]: 	at sun.nio.cs.StreamDecoder.read(Unknown Source)
[19:52:57] [Thread-11/WARN]: 	at java.io.InputStreamReader.read(Unknown Source)
[19:52:57] [Thread-11/WARN]: 	at java.io.BufferedReader.fill(Unknown Source)
[19:52:57] [Thread-11/WARN]: 	at java.io.BufferedReader.readLine(Unknown Source)
[19:52:57] [Thread-11/WARN]: 	at java.io.BufferedReader.readLine(Unknown Source)
[19:52:57] [Thread-11/WARN]: 	at net.zhuoweizhang.raspberryjuice.RemoteSession$InputThread.run(RemoteSession.java:577)
[19:52:57] [Thread-11/WARN]: 	at java.lang.Thread.run(Unknown Source)
[19:52:57] [Server thread/INFO]: [RaspberryJuice] Closed connection to/127.0.0.1:57481.
[19:52:59] [Thread-6/INFO]: [RaspberryJuice] Opened connection to/127.0.0.1:57514.
[19:52:59] [Thread-14/INFO]: [RaspberryJuice] Starting output thread!
[19:52:59] [Thread-13/INFO]: [RaspberryJuice] Starting input thread
[19:54:37] [Thread-13/WARN]: java.net.SocketException: Connection reset
[19:54:37] [Thread-13/WARN]: 	at java.net.SocketInputStream.read(Unknown Source)
[19:54:37] [Thread-13/WARN]: 	at java.net.SocketInputStream.read(Unknown Source)
[19:54:37] [Thread-13/WARN]: 	at sun.nio.cs.StreamDecoder.readBytes(Unknown Source)
[19:54:37] [Thread-13/WARN]: 	at sun.nio.cs.StreamDecoder.implRead(Unknown Source)
[19:54:37] [Thread-13/WARN]: 	at sun.nio.cs.StreamDecoder.read(Unknown Source)
[19:54:37] [Thread-13/WARN]: 	at java.io.InputStreamReader.read(Unknown Source)
[19:54:37] [Thread-13/WARN]: 	at java.io.BufferedReader.fill(Unknown Source)
[19:54:37] [Thread-13/WARN]: 	at java.io.BufferedReader.readLine(Unknown Source)
[19:54:37] [Thread-13/WARN]: 	at java.io.BufferedReader.readLine(Unknown Source)
[19:54:37] [Thread-13/WARN]: 	at net.zhuoweizhang.raspberryjuice.RemoteSession$InputThread.run(RemoteSession.java:577)
[19:54:37] [Thread-13/WARN]: 	at java.lang.Thread.run(Unknown Source)
[19:54:37] [Server thread/INFO]: [RaspberryJuice] Closed connection to/127.0.0.1:57514.
[19:54:37] [Thread-6/INFO]: [RaspberryJuice] Opened connection to/127.0.0.1:57526.
[19:54:37] [Thread-15/INFO]: [RaspberryJuice] Starting input thread
[19:54:37] [Thread-16/INFO]: [RaspberryJuice] Starting output thread!
[19:55:38] [Thread-9/WARN]: java.net.SocketException: Connection reset
[19:55:38] [Thread-9/WARN]: 	at java.net.SocketInputStream.read(Unknown Source)
[19:55:38] [Thread-9/WARN]: 	at java.net.SocketInputStream.read(Unknown Source)
[19:55:38] [Thread-9/WARN]: 	at sun.nio.cs.StreamDecoder.readBytes(Unknown Source)
[19:55:38] [Thread-9/WARN]: 	at sun.nio.cs.StreamDecoder.implRead(Unknown Source)
[19:55:38] [Thread-9/WARN]: 	at sun.nio.cs.StreamDecoder.read(Unknown Source)
[19:55:38] [Thread-9/WARN]: 	at java.io.InputStreamReader.read(Unknown Source)
[19:55:38] [Thread-9/WARN]: 	at java.io.BufferedReader.fill(Unknown Source)
[19:55:38] [Thread-9/WARN]: 	at java.io.BufferedReader.readLine(Unknown Source)
[19:55:38] [Thread-9/WARN]: 	at java.io.BufferedReader.readLine(Unknown Source)
[19:55:38] [Thread-9/WARN]: 	at net.zhuoweizhang.raspberryjuice.RemoteSession$InputThread.run(RemoteSession.java:577)
[19:55:38] [Thread-9/WARN]: 	at java.lang.Thread.run(Unknown Source)
[19:55:38] [Server thread/INFO]: [RaspberryJuice] Closed connection to/127.0.0.1:57472.
[20:31:23] [Thread-15/WARN]: java.net.SocketException: Connection reset
[20:31:23] [Thread-15/WARN]: 	at java.net.SocketInputStream.read(Unknown Source)
[20:31:23] [Thread-15/WARN]: 	at java.net.SocketInputStream.read(Unknown Source)
[20:31:23] [Thread-15/WARN]: 	at sun.nio.cs.StreamDecoder.readBytes(Unknown Source)
[20:31:23] [Thread-15/WARN]: 	at sun.nio.cs.StreamDecoder.implRead(Unknown Source)
[20:31:23] [Thread-15/WARN]: 	at sun.nio.cs.StreamDecoder.read(Unknown Source)
[20:31:23] [Thread-15/WARN]: 	at java.io.InputStreamReader.read(Unknown Source)
[20:31:23] [Thread-15/WARN]: 	at java.io.BufferedReader.fill(Unknown Source)
[20:31:23] [Thread-15/WARN]: 	at java.io.BufferedReader.readLine(Unknown Source)
[20:31:23] [Thread-15/WARN]: 	at java.io.BufferedReader.readLine(Unknown Source)
[20:31:23] [Thread-15/WARN]: 	at net.zhuoweizhang.raspberryjuice.RemoteSession$InputThread.run(RemoteSession.java:577)
[20:31:23] [Thread-15/WARN]: 	at java.lang.Thread.run(Unknown Source)
[20:31:23] [Server thread/INFO]: [RaspberryJuice] Closed connection to/127.0.0.1:57526.
[20:31:26] [Thread-7/WARN]: java.net.SocketException: Connection reset
[20:31:26] [Thread-7/WARN]: 	at java.net.SocketInputStream.read(Unknown Source)
[20:31:26] [Thread-7/WARN]: 	at java.net.SocketInputStream.read(Unknown Source)
[20:31:26] [Thread-7/WARN]: 	at sun.nio.cs.StreamDecoder.readBytes(Unknown Source)
[20:31:26] [Thread-7/WARN]: 	at sun.nio.cs.StreamDecoder.implRead(Unknown Source)
[20:31:26] [Thread-7/WARN]: 	at sun.nio.cs.StreamDecoder.read(Unknown Source)
[20:31:26] [Thread-7/WARN]: 	at java.io.InputStreamReader.read(Unknown Source)
[20:31:26] [Thread-7/WARN]: 	at java.io.BufferedReader.fill(Unknown Source)
[20:31:26] [Thread-7/WARN]: 	at java.io.BufferedReader.readLine(Unknown Source)
[20:31:26] [Thread-7/WARN]: 	at java.io.BufferedReader.readLine(Unknown Source)
[20:31:26] [Thread-7/WARN]: 	at net.zhuoweizhang.raspberryjuice.RemoteSession$InputThread.run(RemoteSession.java:577)
[20:31:26] [Thread-7/WARN]: 	at java.lang.Thread.run(Unknown Source)
[20:31:26] [Server thread/INFO]: [RaspberryJuice] Closed connection to/127.0.0.1:57464.
[20:39:39] [Server thread/INFO]: aaa lost connection: Internal Exception: java.io.IOException: Удаленный хост принудительно разорвал существующее подключение
[20:39:39] [Server thread/INFO]: aaa left the game
[20:42:26] [User Authenticator #2/INFO]: UUID of player aaa is a97d7027-1ae1-3ce0-86e3-0fd135c5661e
[20:42:27] [Server thread/INFO]: aaa[/127.0.0.1:58321] logged in with entity id 2768 at ([world]384.7437728950469, 75.0, -4.562182160863916)
[20:54:46] [Thread-6/INFO]: [RaspberryJuice] Opened connection to/127.0.0.1:58597.
[20:54:46] [Thread-17/INFO]: [RaspberryJuice] Starting input thread
[20:54:46] [Thread-18/INFO]: [RaspberryJuice] Starting output thread!
[20:59:24] [Server thread/INFO]: aaa lost connection: Internal Exception: java.io.IOException: Удаленный хост принудительно разорвал существующее подключение
[20:59:24] [Server thread/INFO]: aaa left the game
[21:00:12] [User Authenticator #3/INFO]: UUID of player aaa is a97d7027-1ae1-3ce0-86e3-0fd135c5661e
[21:00:12] [Server thread/INFO]: aaa[/127.0.0.1:58787] logged in with entity id 3714 at ([world]346.8761521038276, 83.11813573259002, -5.598069837059023)
[21:00:49] [Thread-17/WARN]: java.net.SocketException: Connection reset
[21:00:49] [Thread-17/WARN]: 	at java.net.SocketInputStream.read(Unknown Source)
[21:00:49] [Thread-17/WARN]: 	at java.net.SocketInputStream.read(Unknown Source)
[21:00:49] [Thread-17/WARN]: 	at sun.nio.cs.StreamDecoder.readBytes(Unknown Source)
[21:00:49] [Thread-17/WARN]: 	at sun.nio.cs.StreamDecoder.implRead(Unknown Source)
[21:00:49] [Thread-17/WARN]: 	at sun.nio.cs.StreamDecoder.read(Unknown Source)
[21:00:49] [Thread-17/WARN]: 	at java.io.InputStreamReader.read(Unknown Source)
[21:00:49] [Thread-17/WARN]: 	at java.io.BufferedReader.fill(Unknown Source)
[21:00:49] [Thread-17/WARN]: 	at java.io.BufferedReader.readLine(Unknown Source)
[21:00:49] [Thread-17/WARN]: 	at java.io.BufferedReader.readLine(Unknown Source)
[21:00:49] [Thread-17/WARN]: 	at net.zhuoweizhang.raspberryjuice.RemoteSession$InputThread.run(RemoteSession.java:577)
[21:00:49] [Thread-17/WARN]: 	at java.lang.Thread.run(Unknown Source)
[21:00:49] [Server thread/INFO]: [RaspberryJuice] Closed connection to/127.0.0.1:58597.
[21:02:18] [Thread-6/INFO]: [RaspberryJuice] Opened connection to/127.0.0.1:58838.
[21:02:18] [Thread-19/INFO]: [RaspberryJuice] Starting input thread
[21:02:18] [Thread-20/INFO]: [RaspberryJuice] Starting output thread!
[21:02:49] [Thread-19/WARN]: java.net.SocketException: Connection reset
[21:02:49] [Thread-19/WARN]: 	at java.net.SocketInputStream.read(Unknown Source)
[21:02:49] [Thread-19/WARN]: 	at java.net.SocketInputStream.read(Unknown Source)
[21:02:49] [Thread-19/WARN]: 	at sun.nio.cs.StreamDecoder.readBytes(Unknown Source)
[21:02:49] [Thread-19/WARN]: 	at sun.nio.cs.StreamDecoder.implRead(Unknown Source)
[21:02:49] [Thread-19/WARN]: 	at sun.nio.cs.StreamDecoder.read(Unknown Source)
[21:02:49] [Thread-19/WARN]: 	at java.io.InputStreamReader.read(Unknown Source)
[21:02:49] [Thread-19/WARN]: 	at java.io.BufferedReader.fill(Unknown Source)
[21:02:49] [Thread-19/WARN]: 	at java.io.BufferedReader.readLine(Unknown Source)
[21:02:49] [Thread-19/WARN]: 	at java.io.BufferedReader.readLine(Unknown Source)
[21:02:49] [Thread-19/WARN]: 	at net.zhuoweizhang.raspberryjuice.RemoteSession$InputThread.run(RemoteSession.java:577)
[21:02:49] [Thread-19/WARN]: 	at java.lang.Thread.run(Unknown Source)
[21:02:49] [Server thread/INFO]: [RaspberryJuice] Closed connection to/127.0.0.1:58838.
[21:02:49] [Thread-6/INFO]: [RaspberryJuice] Opened connection to/127.0.0.1:58851.
[21:02:49] [Thread-21/INFO]: [RaspberryJuice] Starting input thread
[21:02:49] [Thread-22/INFO]: [RaspberryJuice] Starting output thread!
[21:03:54] [Thread-21/WARN]: java.net.SocketException: Connection reset
[21:03:54] [Thread-21/WARN]: 	at java.net.SocketInputStream.read(Unknown Source)
[21:03:54] [Thread-21/WARN]: 	at java.net.SocketInputStream.read(Unknown Source)
[21:03:54] [Thread-21/WARN]: 	at sun.nio.cs.StreamDecoder.readBytes(Unknown Source)
[21:03:54] [Thread-21/WARN]: 	at sun.nio.cs.StreamDecoder.implRead(Unknown Source)
[21:03:54] [Thread-21/WARN]: 	at sun.nio.cs.StreamDecoder.read(Unknown Source)
[21:03:54] [Thread-21/WARN]: 	at java.io.InputStreamReader.read(Unknown Source)
[21:03:54] [Thread-21/WARN]: 	at java.io.BufferedReader.fill(Unknown Source)
[21:03:54] [Thread-21/WARN]: 	at java.io.BufferedReader.readLine(Unknown Source)
[21:03:54] [Thread-21/WARN]: 	at java.io.BufferedReader.readLine(Unknown Source)
[21:03:54] [Thread-21/WARN]: 	at net.zhuoweizhang.raspberryjuice.RemoteSession$InputThread.run(RemoteSession.java:577)
[21:03:54] [Thread-21/WARN]: 	at java.lang.Thread.run(Unknown Source)
[21:03:54] [Server thread/INFO]: [RaspberryJuice] Closed connection to/127.0.0.1:58851.
[21:03:54] [Thread-6/INFO]: [RaspberryJuice] Opened connection to/127.0.0.1:58872.
[21:03:54] [Thread-24/INFO]: [RaspberryJuice] Starting output thread!
[21:03:54] [Thread-23/INFO]: [RaspberryJuice] Starting input thread
[21:03:55] [Server thread/INFO]: 34875-13[m
[21:04:20] [Thread-23/WARN]: java.net.SocketException: Connection reset
[21:04:20] [Thread-23/WARN]: 	at java.net.SocketInputStream.read(Unknown Source)
[21:04:20] [Thread-23/WARN]: 	at java.net.SocketInputStream.read(Unknown Source)
[21:04:20] [Thread-23/WARN]: 	at sun.nio.cs.StreamDecoder.readBytes(Unknown Source)
[21:04:20] [Thread-23/WARN]: 	at sun.nio.cs.StreamDecoder.implRead(Unknown Source)
[21:04:20] [Thread-23/WARN]: 	at sun.nio.cs.StreamDecoder.read(Unknown Source)
[21:04:20] [Thread-23/WARN]: 	at java.io.InputStreamReader.read(Unknown Source)
[21:04:20] [Thread-23/WARN]: 	at java.io.BufferedReader.fill(Unknown Source)
[21:04:20] [Thread-23/WARN]: 	at java.io.BufferedReader.readLine(Unknown Source)
[21:04:20] [Thread-23/WARN]: 	at java.io.BufferedReader.readLine(Unknown Source)
[21:04:20] [Thread-23/WARN]: 	at net.zhuoweizhang.raspberryjuice.RemoteSession$InputThread.run(RemoteSession.java:577)
[21:04:20] [Thread-23/WARN]: 	at java.lang.Thread.run(Unknown Source)
[21:04:20] [Server thread/INFO]: [RaspberryJuice] Closed connection to/127.0.0.1:58872.
[21:04:20] [Thread-6/INFO]: [RaspberryJuice] Opened connection to/127.0.0.1:58880.
[21:04:20] [Thread-26/INFO]: [RaspberryJuice] Starting output thread!
[21:04:20] [Thread-25/INFO]: [RaspberryJuice] Starting input thread
[21:04:20] [Server thread/INFO]: 35175-13[m
[21:05:16] [Thread-25/WARN]: java.net.SocketException: Connection reset
[21:05:16] [Thread-25/WARN]: 	at java.net.SocketInputStream.read(Unknown Source)
[21:05:16] [Thread-25/WARN]: 	at java.net.SocketInputStream.read(Unknown Source)
[21:05:16] [Thread-25/WARN]: 	at sun.nio.cs.StreamDecoder.readBytes(Unknown Source)
[21:05:16] [Thread-25/WARN]: 	at sun.nio.cs.StreamDecoder.implRead(Unknown Source)
[21:05:16] [Thread-25/WARN]: 	at sun.nio.cs.StreamDecoder.read(Unknown Source)
[21:05:16] [Thread-25/WARN]: 	at java.io.InputStreamReader.read(Unknown Source)
[21:05:16] [Thread-25/WARN]: 	at java.io.BufferedReader.fill(Unknown Source)
[21:05:16] [Thread-25/WARN]: 	at java.io.BufferedReader.readLine(Unknown Source)
[21:05:16] [Thread-25/WARN]: 	at java.io.BufferedReader.readLine(Unknown Source)
[21:05:16] [Thread-25/WARN]: 	at net.zhuoweizhang.raspberryjuice.RemoteSession$InputThread.run(RemoteSession.java:577)
[21:05:16] [Thread-25/WARN]: 	at java.lang.Thread.run(Unknown Source)
[21:05:16] [Server thread/INFO]: [RaspberryJuice] Closed connection to/127.0.0.1:58880.
[21:05:16] [Thread-6/INFO]: [RaspberryJuice] Opened connection to/127.0.0.1:58901.
[21:05:16] [Thread-27/INFO]: [RaspberryJuice] Starting input thread
[21:05:16] [Thread-28/INFO]: [RaspberryJuice] Starting output thread!
[21:05:16] [Server thread/INFO]: x = 359 y = 75z = -16[m
[21:05:37] [Server thread/INFO]: aaa lost connection: Internal Exception: java.io.IOException: Удаленный хост принудительно разорвал существующее подключение
[21:05:37] [Server thread/INFO]: aaa left the game
